2024-09-09 21:25:20.053 INFO  [main] wuhao.springboot.logging.Application : Starting Application using Java 17.0.1 with PID 23644 (E:\spring-boot-pratice\spring-boot-logging\target\classes started by PC in E:\spring-boot-pratice)
2024-09-09 21:25:20.055 INFO  [main] wuhao.springboot.logging.Application : No active profile set, falling back to 1 default profile: "default"
2024-09-09 21:25:20.641 INFO  [main] org.springframework.boot.web.embedded.tomcat.TomcatWebServer : Tomcat initialized with port 8080 (http)
2024-09-09 21:25:20.647 INFO  [main] org.apache.coyote.http11.Http11NioProtocol : Initializing ProtocolHandler ["http-nio-8080"]
2024-09-09 21:25:20.649 INFO  [main] org.apache.catalina.core.StandardService : Starting service [Tomcat]
2024-09-09 21:25:20.660 INFO  [main] org.apache.catalina.core.StandardEngine : Starting Servlet engine: [Apache Tomcat/10.1.28]
2024-09-09 21:25:20.692 INFO  [main] org.apache.catalina.core.ContainerBase.[Tomcat].[localhost].[/] : Initializing Spring embedded WebApplicationContext
2024-09-09 21:25:20.692 INFO  [main] org.springframework.boot.web.servlet.context.ServletWebServerApplicationContext : Root WebApplicationContext: initialization completed in 611 ms
2024-09-09 21:25:20.960 INFO  [main] org.apache.coyote.http11.Http11NioProtocol : Starting ProtocolHandler ["http-nio-8080"]
2024-09-09 21:25:20.976 INFO  [main] org.springframework.boot.web.embedded.tomcat.TomcatWebServer : Tomcat started on port 8080 (http) with context path '/'
2024-09-09 21:25:20.983 INFO  [main] wuhao.springboot.logging.Application : Started Application in 1.356 seconds (process running for 1.732)
2024-09-09 21:25:23.644 INFO  [http-nio-8080-exec-1] org.apache.catalina.core.ContainerBase.[Tomcat].[localhost].[/] : Initializing Spring DispatcherServlet 'dispatcherServlet'
2024-09-09 21:25:23.645 INFO  [http-nio-8080-exec-1] org.springframework.web.servlet.DispatcherServlet : Initializing Servlet 'dispatcherServlet'
2024-09-09 21:25:23.648 INFO  [http-nio-8080-exec-1] org.springframework.web.servlet.DispatcherServlet : Completed initialization in 2 ms
2024-09-09 21:25:23.669 INFO  [http-nio-8080-exec-1] wuhao.springboot.logging.controller.LogController : This is a INFO log
2024-09-09 21:25:23.669 WARN  [http-nio-8080-exec-1] wuhao.springboot.logging.controller.LogController : This is a WARN log
2024-09-09 21:25:23.669 ERROR [http-nio-8080-exec-1] wuhao.springboot.logging.controller.LogController : This is a ERROR log
2024-09-09 21:26:39.689 INFO  [http-nio-8080-exec-3] wuhao.springboot.logging.controller.LogController : This is a INFO log
2024-09-09 21:26:39.689 WARN  [http-nio-8080-exec-3] wuhao.springboot.logging.controller.LogController : This is a WARN log
2024-09-09 21:26:39.689 ERROR [http-nio-8080-exec-3] wuhao.springboot.logging.controller.LogController : This is a ERROR log
2024-09-09 21:29:29.527 INFO  [http-nio-8080-exec-8] wuhao.springboot.logging.controller.LogController : This is a INFO log
2024-09-09 21:29:29.527 WARN  [http-nio-8080-exec-8] wuhao.springboot.logging.controller.LogController : This is a WARN log
2024-09-09 21:29:29.527 ERROR [http-nio-8080-exec-8] wuhao.springboot.logging.controller.LogController : This is a ERROR log
2024-09-09 21:30:13.308 INFO  [http-nio-8080-exec-6] wuhao.springboot.logging.controller.LogController : This is a INFO log
2024-09-09 21:30:13.309 WARN  [http-nio-8080-exec-6] wuhao.springboot.logging.controller.LogController : This is a WARN log
2024-09-09 21:30:13.309 ERROR [http-nio-8080-exec-6] wuhao.springboot.logging.controller.LogController : This is a ERROR log
